1585578004966:help
1585578010964:empty
1585578552696:help
1585578573701:get-weather(
1585578586708:get-weather
1585578610724:get-weather -Abakan
1585578623727:get-weathe
1585578639733:getWeather
1585578697783:get-weather
1585593304561:help
1585593311560:empty
1585593319568:get-weather
1585593369766:help
1585593374767:weather
1585593488252:help
1585593529266:weather
1585594779269:help
1585594786266:weather
1585595254502:help
1585595259503:weather
1585595304561:weather rio
1585595397837:weather Abakan
1585638396564:help
1585638415563:weather Rio
1585638452576:weather
1585638476595:weather Красноярск
1585642325597:history
1585642335602:clear
1585642343604:help
1585642358611:exi
1585642362614:exit
1585645158877:help
1585645166869:save
1585645183885:weather Brooklin
1585645190881:save
1585645249285:weather brooklin
1585645258279:save
1585645616457:weather  Махачкала
1585645623452:save
1585645632455:show
1585645705483:save
1585645708486:show
1585645786203:weather Moscow
1585645876336:show
1585645891341:weather STP
1585645918352:weather Калининград
1585645924354:save
1585645931357:show
1585645946365:weather Усть-каспа
1585645965373:save
1585645969373:show
1585649343441:weather
1585649376454:save
1585649381457:show
1585649411119:weather abakan
1585649415117:save
1585649419118:show
1585649708399:save
1585649723411:weather sochi
1585649729409:save
1585649734416:weather london
1585649739413:save
1585649747419:veather bali
1585649757423:weather bali
1585649761422:save
1585649770432:weather phucket
1585649788437:weather Пхукет
1585649795438:save
1585651019800:weather norilsk
1585651083395:weather Кейптаун
1585651097402:show
1585651537397:weather london
1585651543399:show
1585651554408:weather
1585651558408:show
1585651563412:weather ggg
1585651568413:show
1585651674256:help
1585653366744:show
1585653385760:weather krasnodar
1585653393758:show
1585653406766:weather
1585653417777:weather krasnoyarsk
1585671348948:show
1585671360950:weather
1585671375962:weather Krasnoyarsk
1585671380958:show
1585671388962:Weather Moscow
1585671407968:weather moscow
1585671414970:show
1585671423979:weather bali
1585671435987:weather Диксон
1585766775876:show
1585766780878:weather
1585766794907:show
1585766815943:weather sochi
1585766826959:show
1585766857759:weather
1585766861766:show
1585766875797:weather krasnoyarsk
1585766882816:weather dikson
1585766937931:show
1585766946932:weather dikson
1585766971035:show
1585767078147:weather
1585767109201:show
1585767414163:help
1585767420173:weather
1585767433198:weather brooklin
1585767454846:show
